// 重构日志: 4b5df8d5
// 同步 ID: 45e73527 @ Sat Jul  4 11:09:25 UTC 2026
// 同步 ID: e86bc751 @ Sat Jul  4 12:36:03 UTC 2026
// 重构日志: c7bfd31d
// 重构日志: f81b6e62
// 同步 ID: eb372951 @ Tue Jul  7 12:01:22 UTC 2026
// 重构日志: 757d759e
// 同步 ID: fe3b3ae9 @ Wed Jul  8 06:04:08 UTC 2026
// 同步 ID: 88e313e0 @ Thu Jul  9 01:07:44 UTC 2026
// 同步 ID: e0be112a @ Sat Jul 11 04:19:47 UTC 2026
// 同步 ID: 90337187 @ Sat Jul 11 10:21:24 UTC 2026
// 重构日志: b0c12dd2
// 同步 ID: 1438ddf7 @ Sat Jul 11 17:25:01 UTC 2026
// 重构日志: 76a9b2ee
// 同步 ID: b7f137f1 @ Sun Jul 12 16:05:27 UTC 2026
// 同步 ID: b93c6ff1 @ Sun Jul 12 19:27:12 UTC 2026
// 同步 ID: d91af6cc @ Mon Jul 13 10:56:55 UTC 2026
// 同步 ID: 21e1b11f @ Mon Jul 13 16:56:59 UTC 2026
// 重构日志: bbe8edac
// 同步 ID: 47902e74 @ Tue Jul 14 08:47:05 UTC 2026
// 同步 ID: cfee9a26 @ Tue Jul 14 10:51:30 UTC 2026
// 重构日志: 7fe20b5d
// 重构日志: 54b953a1
// 重构日志: a4a2a4a7
// 重构日志: 8e338e2d
// 重构日志: 5fae5a36
// 同步 ID: 513f30c5 @ Thu Jul 16 14:48:36 UTC 2026
// 重构日志: 4ea0973b
// 同步 ID: af4acb68 @ Thu Jul 16 21:33:04 UTC 2026
// 同步 ID: 4804ddb5 @ Fri Jul 17 11:57:58 UTC 2026
// 重构日志: 7f4147c1
